<?xml version="1.0" encoding="UTF-8"?>
<testsuite xmlns:xsi="http://www.w3.org/2001/XMLSchema-instance" xsi:noNamespaceSchemaLocation="https://maven.apache.org/surefire/maven-surefire-plugin/xsd/surefire-test-report-3.0.xsd" version="3.0" name="org.example.gate.GateApplicationTests" time="11.231" tests="1" errors="0" skipped="0" failures="0">
  <properties>
[...]
</properties>
  <testcase name="contextLoads" classname="org.example.gate.GateApplicationTests" time="0.411">
    <system-out><![CDATA[00:07:44.142 [main] INFO org.springframework.test.context.support.AnnotationConfigContextLoaderUtils -- Could not detect default configuration classes for test class [org.example.gate.GateApplicationTests]: GateApplicationTests does not declare any static, non-private, non-final, nested classes annotated with @Configuration.
00:07:44.182 [main] INFO org.springframework.boot.test.context.SpringBootTestContextBootstrapper -- Found @SpringBootConfiguration org.example.gate.GateApplication for test class org.example.gate.GateApplicationTests

  .   ____          _            __ _ _
 /\\ / ___'_ __ _ _(_)_ __  __ _ \ \ \ \
( ( )\___ | '_ | '_| | '_ \/ _` | \ \ \ \
 \\/  ___)| |_)| | | | | || (_| |  ) ) ) )
  '  |____| .__|_| |_|_| |_\__, | / / / /
 =========|_|==============|___/=/_/_/_/

 :: Spring Boot ::                (v3.3.4)

2024-09-27T00:07:44.325+08:00  INFO 47161 --- [Door] [           main] org.example.gate.GateApplicationTests    : Starting GateApplicationTests using Java 23 with PID 47161 (started by zxg in /Users/zxg/code/idea/UIBK/Gate)
2024-09-27T00:07:44.326+08:00  INFO 47161 --- [Door] [           main] org.example.gate.GateApplicationTests    : No active profile set, falling back to 1 default profile: "default"
2024-09-27T00:07:44.829+08:00  INFO 47161 --- [Door] [           main] o.s.a.r.c.CachingConnectionFactory       : Attempting to connect to: [172.17.0.4:5672]
2024-09-27T00:07:49.841+08:00  WARN 47161 --- [Door] [172.17.0.4:5672] c.r.c.impl.ForgivingExceptionHandler     : An unexpected connection driver error occurred (Exception message: Connection reset)
2024-09-27T00:07:49.849+08:00  INFO 47161 --- [Door] [           main] o.s.a.r.l.SimpleMessageListenerContainer : Broker not available; cannot force queue declarations during start: java.io.IOException
2024-09-27T00:07:49.861+08:00  INFO 47161 --- [Door] [ntContainer#0-1] o.s.a.r.c.CachingConnectionFactory       : Attempting to connect to: [172.17.0.4:5672]
2024-09-27T00:07:54.865+08:00  WARN 47161 --- [Door] [172.17.0.4:5672] c.r.c.impl.ForgivingExceptionHandler     : An unexpected connection driver error occurred (Exception message: Connection reset)
2024-09-27T00:07:54.885+08:00  INFO 47161 --- [Door] [           main] org.example.gate.GateApplicationTests    : Started GateApplicationTests in 10.656 seconds (process running for 10.992)
]]></system-out>
    <system-err><![CDATA[WARNING: A Java agent has been loaded dynamically (/Users/zxg/.m2/repository/net/bytebuddy/byte-buddy-agent/1.14.19/byte-buddy-agent-1.14.19.jar)
WARNING: If a serviceability tool is in use, please run with -XX:+EnableDynamicAgentLoading to hide this warning
WARNING: If a serviceability tool is not in use, please run with -Djdk.instrument.traceUsage for more information
WARNING: Dynamic loading of agents will be disallowed by default in a future release
]]></system-err>
  </testcase>
</testsuite>